<?xml version="1.0" encoding="UTF-8"?>
<!-- Generated by org.testng.reporters.JUnitReportReporter -->
<testsuite hostname="rc-106" name="com.legalmetrology.TestCases.LoginPageTest" tests="3" failures="0" timestamp="7 May 2018 09:23:59 GMT" time="25.259" errors="0">
  <testcase name="loginSuccessTest" time="10.838" classname="com.legalmetrology.TestCases.LoginPageTest"/>
  <testcase name="loginPageTitleTest" time="7.476" classname="com.legalmetrology.TestCases.LoginPageTest"/>
  <testcase name="logoImageTest" time="6.945" classname="com.legalmetrology.TestCases.LoginPageTest"/>
</testsuite> <!-- com.legalmetrology.TestCases.LoginPageTest -->
