<?xml version="1.0" encoding="UTF-8"?>
<!-- Generated by org.testng.reporters.JUnitReportReporter -->
<testsuite skipped="0" hostname="rc-106" name="TestNG1.TestNGSample" tests="1" failures="0" timestamp="16 Mar 2018 12:02:20 GMT" time="56.820" errors="0">
  <testcase name="verifytitle" time="56.820" classname="TestNG1.TestNGSample"/>
</testsuite> <!-- TestNG1.TestNGSample -->
