<?xml version="1.0" encoding="UTF-8"?>
<!-- Generated by org.testng.reporters.JUnitReportReporter -->
<testsuite skipped="0" hostname="rc-106" name="TestNG1.LegalTest" tests="1" failures="0" timestamp="20 Mar 2018 10:11:48 GMT" time="15.090" errors="0">
  <testcase name="Login" time="15.090" classname="TestNG1.LegalTest"/>
</testsuite> <!-- TestNG1.LegalTest -->
